# JRE version: Java(TM) SE Runtime Environment (25.0.2+10) (build 25.0.2+10-LTS-69)
# Java VM: Java HotSpot(TM) 64-Bit Server VM (25.0.2+10-LTS-69, mixed mode, emulated-client, sharing, tiered, compressed oops, compressed class ptrs, g1 gc, windows-amd64)
GC Precious Log:
 CardTable entry size: 512
 Card Set container configuration: InlinePtr #cards 5 size 8 Array Of Cards #cards 10 size 36 Howl #buckets 4 coarsen threshold 1843 Howl Bitmap #cards 512 size 80 coarsen threshold 460 Card regions per heap region 1 cards per card region 2048
 CPUs: 8 total, 8 available
 Memory: 7886M
 Large Page Support: Disabled
 NUMA Support: Disabled
 Compressed Oops: Enabled (32-bit)
 Heap Region Size: 1M
 Heap Min Capacity: 8M
 Heap Initial Capacity: 124M
 Heap Max Capacity: 1972M
 Pre-touch: Disabled
 Parallel Workers: 8
 Concurrent Workers: 2
 Concurrent Refinement Workers: 8
 Periodic GC: Disabled
Heap:
 garbage-first heap   total reserved 2019328K, committed 101376K, used 88245K [0x0000000084c00000, 0x0000000100000000)
  region size 1024K, 45 young (46080K), 4 survivors (4096K)
GC Heap Usage History (20 events):
Event: 8.806 {heap After GC invocations=20 (full 0):
 garbage-first heap   total reserved 2019328K, committed 96256K, used 38640K [0x0000000084c00000, 0x0000000100000000)
  region size 1024K, 4 young (4096K), 4 survivors (4096K)
}
Event: 9.723 {heap Before GC invocations=20 (full 0):
 garbage-first heap   total reserved 2019328K, committed 96256K, used 88816K [0x0000000084c00000, 0x0000000100000000)
  region size 1024K, 54 young (55296K), 4 survivors (4096K)
}
Event: 9.729 {heap After GC invocations=21 (full 0):
 garbage-first heap   total reserved 2019328K, committed 97280K, used 40277K [0x0000000084c00000, 0x0000000100000000)
  region size 1024K, 5 young (5120K), 5 survivors (5120K)
}
Event: 10.574 {heap Before GC invocations=21 (full 0):
 garbage-first heap   total reserved 2019328K, committed 97280K, used 89429K [0x0000000084c00000, 0x0000000100000000)
  region size 1024K, 53 young (54272K), 5 survivors (5120K)
}
Event: 10.580 {heap After GC invocations=22 (full 0):
 garbage-first heap   total reserved 2019328K, committed 97280K, used 42867K [0x0000000084c00000, 0x0000000100000000)
  region size 1024K, 5 young (5120K), 5 survivors (5120K)
}
Event: 11.392 {heap Before GC invocations=22 (full 0):
 garbage-first heap   total reserved 2019328K, committed 97280K, used 89971K [0x0000000084c00000, 0x0000000100000000)
  region size 1024K, 51 young (52224K), 5 survivors (5120K)
}
Event: 11.398 {heap After GC invocations=23 (full 0):
 garbage-first heap   total reserved 2019328K, committed 98304K, used 45515K [0x0000000084c00000, 0x0000000100000000)
  region size 1024K, 6 young (6144K), 6 survivors (6144K)
}
Event: 12.210 {heap Before GC invocations=24 (full 0):
 garbage-first heap   total reserved 2019328K, committed 98304K, used 89547K [0x0000000084c00000, 0x0000000100000000)
  region size 1024K, 50 young (51200K), 6 survivors (6144K)
}
Event: 12.217 {heap After GC invocations=25 (full 0):
 garbage-first heap   total reserved 2019328K, committed 100352K, used 48470K [0x0000000084c00000, 0x0000000100000000)
  region size 1024K, 6 young (6144K), 6 survivors (6144K)
}
Event: 12.756 {heap Before GC invocations=25 (full 0):
 garbage-first heap   total reserved 2019328K, committed 100352K, used 91478K [0x0000000084c00000, 0x0000000100000000)
  region size 1024K, 48 young (49152K), 6 survivors (6144K)
}
Event: 12.763 {heap After GC invocations=26 (full 0):
 garbage-first heap   total reserved 2019328K, committed 101376K, used 49124K [0x0000000084c00000, 0x0000000100000000)
  region size 1024K, 2 young (2048K), 2 survivors (2048K)
}
Event: 133.734 {heap Before GC invocations=26 (full 0):
 garbage-first heap   total reserved 2019328K, committed 101376K, used 92132K [0x0000000084c00000, 0x0000000100000000)
  region size 1024K, 45 young (46080K), 2 survivors (2048K)
}
Event: 133.747 {heap After GC invocations=27 (full 0):
 garbage-first heap   total reserved 2019328K, committed 101376K, used 50204K [0x0000000084c00000, 0x0000000100000000)
  region size 1024K, 3 young (3072K), 3 survivors (3072K)
}
Event: 610.913 {heap Before GC invocations=28 (full 0):
 garbage-first heap   total reserved 2019328K, committed 101376K, used 87068K [0x0000000084c00000, 0x0000000100000000)
  region size 1024K, 41 young (41984K), 3 survivors (3072K)
}
Event: 611.154 {heap After GC invocations=29 (full 1):
 garbage-first heap   total reserved 2019328K, committed 101376K, used 38069K [0x0000000084c00000, 0x0000000100000000)
  region size 1024K, 0 young (0K), 0 survivors (0K)
}
Event: 612.567 {heap Before GC invocations=29 (full 1):
 garbage-first heap   total reserved 2019328K, committed 101376K, used 91317K [0x0000000084c00000, 0x0000000100000000)
  region size 1024K, 52 young (53248K), 0 survivors (0K)
}
Event: 612.576 {heap After GC invocations=30 (full 1):
 garbage-first heap   total reserved 2019328K, committed 101376K, used 43660K [0x0000000084c00000, 0x0000000100000000)
  region size 1024K, 6 young (6144K), 6 survivors (6144K)
}
Event: 612.762 {heap Before GC invocations=30 (full 1):
 garbage-first heap   total reserved 2019328K, committed 101376K, used 60044K [0x0000000084c00000, 0x0000000100000000)
  region size 1024K, 24 young (24576K), 6 survivors (6144K)
}
Event: 612.769 {heap After GC invocations=31 (full 1):
 garbage-first heap   total reserved 2019328K, committed 101376K, used 45237K [0x0000000084c00000, 0x0000000100000000)
  region size 1024K, 2 young (2048K), 2 survivors (2048K)
}
Event: 2298.987 {heap Before GC invocations=32 (full 1):
 garbage-first heap   total reserved 2019328K, committed 101376K, used 88245K [0x0000000084c00000, 0x0000000100000000)
  region size 1024K, 43 young (44032K), 2 survivors (2048K)
}

